[2021-01-28 15:49:46] local.ERROR: Undefined variable: boxRegisterExist {"exception":"[object] (ErrorException(code: 0): Undefined variable: boxRegisterExist at F:\\onedrive\\web\\laravelProtection\\app\\Http\\Controllers\\Api\\PlaceController.php:119)
[stacktrace]
#0 F:\\onedrive\\web\\laravelProtection\\app\\Http\\Controllers\\Api\\PlaceController.php(119): Illuminate\\Foundation\\Bootstrap\\HandleExceptions->handleError(8, 'Undefined varia...', 'F:\\\\onedrive\\\\web...', 119, Array)
#1 [internal function]: App\\Http\\Controllers\\Api\\PlaceController->regbox(Object(Illuminate\\Http\\Request))
#2 F:\\onedrive\\web\\laravelProtection\\vendor\\laravel\\framework\\src\\Illuminate\\Routing\\Controller.php(54): call_user_func_array(Array, Array)
#3 F:\\onedrive\\web\\laravelProtection\\vendor\\laravel\\framework\\src\\Illuminate\\Routing\\ControllerDispatcher.php(45): Illuminate\\Routing\\Controller->callAction('regbox', Array)
#4 F:\\onedrive\\web\\laravelProtection\\vendor\\laravel\\framework\\src\\Illuminate\\Routing\\Route.php(212): Illuminate\\Routing\\ControllerDispatcher->dispatch(Object(Illuminate\\Routing\\Route), Object(App\\Http\\Controllers\\Api\\PlaceController), 'regbox')
#5 F:\\onedrive\\web\\laravelProtection\\vendor\\laravel\\framework\\src\\Illuminate\\Routing\\Route.php(169): Illuminate\\Routing\\Route->runController()
#6 F:\\onedrive\\web\\laravelProtection\\vendor\\laravel\\framework\\src\\Illuminate\\Routing\\Router.php(658): Illuminate\\Routing\\Route->run()
#7 F:\\onedrive\\web\\laravelProtection\\vendor\\laravel\\framework\\src\\Illuminate\\Routing\\Pipeline.php(30): Illuminate\\Routing\\Router->Illuminate\\Routing\\{closure}(Object(Illuminate\\Http\\Request))
#8 F:\\onedrive\\web\\laravelProtection\\vendor\\laravel\\framework\\src\\Illuminate\\Routing\\Middleware\\SubstituteBindings.php(41): Illuminate\\Routing\\Pipeline->Illuminate\\Routing\\{closure}(Object(Illuminate\\Http\\Request))
#9 F:\\onedrive\\web\\laravelProtection\\vendor\\laravel\\framework\\src\\Illuminate\\Pipeline\\Pipeline.php(149): Illuminate\\Routing\\Middleware\\SubstituteBindings->handle(Object(Illuminate\\Http\\Request), Object(Closure))
#10 F:\\onedrive\\web\\laravelProtection\\vendor\\laravel\\framework\\src\\Illuminate\\Routing\\Pipeline.php(53): Illuminate\\Pipeline\\Pipeline->Illuminate\\Pipeline\\{closure}(Object(Illuminate\\Http\\Request))
#11 F:\\onedrive\\web\\laravelProtection\\vendor\\laravel\\framework\\src\\Illuminate\\Routing\\Middleware\\ThrottleRequests.php(57): Illuminate\\Routing\\Pipeline->Illuminate\\Routing\\{closure}(Object(Illuminate\\Http\\Request))
#12 F:\\onedrive\\web\\laravelProtection\\vendor\\laravel\\framework\\src\\Illuminate\\Pipeline\\Pipeline.php(149): Illuminate\\Routing\\Middleware\\ThrottleRequests->handle(Object(Illuminate\\Http\\Request), Object(Closure), 10000, '1')
#13 F:\\onedrive\\web\\laravelProtection\\vendor\\laravel\\framework\\src\\Illuminate\\Routing\\Pipeline.php(53): Illuminate\\Pipeline\\Pipeline->Illuminate\\Pipeline\\{closure}(Object(Illuminate\\Http\\Request))
#14 F:\\onedrive\\web\\laravelProtection\\vendor\\laravel\\framework\\src\\Illuminate\\Pipeline\\Pipeline.php(102): Illuminate\\Routing\\Pipeline->Illuminate\\Routing\\{closure}(Object(Illuminate\\Http\\Request))
#15 F:\\onedrive\\web\\laravelProtection\\vendor\\laravel\\framework\\src\\Illuminate\\Routing\\Router.php(660): Illuminate\\Pipeline\\Pipeline->then(Object(Closure))
#16 F:\\onedrive\\web\\laravelProtection\\vendor\\laravel\\framework\\src\\Illuminate\\Routing\\Router.php(635): Illuminate\\Routing\\Router->runRouteWithinStack(Object(Illuminate\\Routing\\Route), Object(Illuminate\\Http\\Request))
#17 F:\\onedrive\\web\\laravelProtection\\vendor\\laravel\\framework\\src\\Illuminate\\Routing\\Router.php(601): Illuminate\\Routing\\Router->runRoute(Object(Illuminate\\Http\\Request), Object(Illuminate\\Routing\\Route))
#18 F:\\onedrive\\web\\laravelProtection\\vendor\\laravel\\framework\\src\\Illuminate\\Routing\\Router.php(590): Illuminate\\Routing\\Router->dispatchToRoute(Object(Illuminate\\Http\\Request))
#19 F:\\onedrive\\web\\laravelProtection\\vendor\\laravel\\framework\\src\\Illuminate\\Foundation\\Http\\Kernel.php(176): Illuminate\\Routing\\Router->dispatch(Object(Illuminate\\Http\\Request))
#20 F:\\onedrive\\web\\laravelProtection\\vendor\\laravel\\framework\\src\\Illuminate\\Routing\\Pipeline.php(30): Illuminate\\Foundation\\Http\\Kernel->Illuminate\\Foundation\\Http\\{closure}(Object(Illuminate\\Http\\Request))
#21 F:\\onedrive\\web\\laravelProtection\\vendor\\barryvdh\\laravel-debugbar\\src\\Middleware\\InjectDebugbar.php(65): Illuminate\\Routing\\Pipeline->Illuminate\\Routing\\{closure}(Object(Illuminate\\Http\\Request))
#22 F:\\onedrive\\web\\laravelProtection\\vendor\\laravel\\framework\\src\\Illuminate\\Pipeline\\Pipeline.php(149): Barryvdh\\Debugbar\\Middleware\\InjectDebugbar->handle(Object(Illuminate\\Http\\Request), Object(Closure))
#23 F:\\onedrive\\web\\laravelProtection\\vendor\\laravel\\framework\\src\\Illuminate\\Routing\\Pipeline.php(53): Illuminate\\Pipeline\\Pipeline->Illuminate\\Pipeline\\{closure}(Object(Illuminate\\Http\\Request))
#24 F:\\onedrive\\web\\laravelProtection\\app\\Http\\Middleware\\JsonResponse.php(23): Illuminate\\Routing\\Pipeline->Illuminate\\Routing\\{closure}(Object(Illuminate\\Http\\Request))
#25 F:\\onedrive\\web\\laravelProtection\\vendor\\laravel\\framework\\src\\Illuminate\\Pipeline\\Pipeline.php(149): App\\Http\\Middleware\\JsonResponse->handle(Object(Illuminate\\Http\\Request), Object(Closure))
#26 F:\\onedrive\\web\\laravelProtection\\vendor\\laravel\\framework\\src\\Illuminate\\Routing\\Pipeline.php(53): Illuminate\\Pipeline\\Pipeline->Illuminate\\Pipeline\\{closure}(Object(Illuminate\\Http\\Request))
#27 F:\\onedrive\\web\\laravelProtection\\vendor\\fideloper\\proxy\\src\\TrustProxies.php(56): Illuminate\\Routing\\Pipeline->Illuminate\\Routing\\{closure}(Object(Illuminate\\Http\\Request))
#28 F:\\onedrive\\web\\laravelProtection\\vendor\\laravel\\framework\\src\\Illuminate\\Pipeline\\Pipeline.php(149): Fideloper\\Proxy\\TrustProxies->handle(Object(Illuminate\\Http\\Request), Object(Closure))
#29 F:\\onedrive\\web\\laravelProtection\\vendor\\laravel\\framework\\src\\Illuminate\\Routing\\Pipeline.php(53): Illuminate\\Pipeline\\Pipeline->Illuminate\\Pipeline\\{closure}(Object(Illuminate\\Http\\Request))
#30 F:\\onedrive\\web\\laravelProtection\\vendor\\laravel\\framework\\src\\Illuminate\\Foundation\\Http\\Middleware\\TransformsRequest.php(30): Illuminate\\Routing\\Pipeline->Illuminate\\Routing\\{closure}(Object(Illuminate\\Http\\Request))
#31 F:\\onedrive\\web\\laravelProtection\\vendor\\laravel\\framework\\src\\Illuminate\\Pipeline\\Pipeline.php(149): Illuminate\\Foundation\\Http\\Middleware\\TransformsRequest->handle(Object(Illuminate\\Http\\Request), Object(Closure))
#32 F:\\onedrive\\web\\laravelProtection\\vendor\\laravel\\framework\\src\\Illuminate\\Routing\\Pipeline.php(53): Illuminate\\Pipeline\\Pipeline->Illuminate\\Pipeline\\{closure}(Object(Illuminate\\Http\\Request))
#33 F:\\onedrive\\web\\laravelProtection\\vendor\\laravel\\framework\\src\\Illuminate\\Foundation\\Http\\Middleware\\TransformsRequest.php(30): Illuminate\\Routing\\Pipeline->Illuminate\\Routing\\{closure}(Object(Illuminate\\Http\\Request))
#34 F:\\onedrive\\web\\laravelProtection\\vendor\\laravel\\framework\\src\\Illuminate\\Pipeline\\Pipeline.php(149): Illuminate\\Foundation\\Http\\Middleware\\TransformsRequest->handle(Object(Illuminate\\Http\\Request), Object(Closure))
#35 F:\\onedrive\\web\\laravelProtection\\vendor\\laravel\\framework\\src\\Illuminate\\Routing\\Pipeline.php(53): Illuminate\\Pipeline\\Pipeline->Illuminate\\Pipeline\\{closure}(Object(Illuminate\\Http\\Request))
#36 F:\\onedrive\\web\\laravelProtection\\vendor\\laravel\\framework\\src\\Illuminate\\Foundation\\Http\\Middleware\\ValidatePostSize.php(27): Illuminate\\Routing\\Pipeline->Illuminate\\Routing\\{closure}(Object(Illuminate\\Http\\Request))
#37 F:\\onedrive\\web\\laravelProtection\\vendor\\laravel\\framework\\src\\Illuminate\\Pipeline\\Pipeline.php(149): Illuminate\\Foundation\\Http\\Middleware\\ValidatePostSize->handle(Object(Illuminate\\Http\\Request), Object(Closure))
#38 F:\\onedrive\\web\\laravelProtection\\vendor\\laravel\\framework\\src\\Illuminate\\Routing\\Pipeline.php(53): Illuminate\\Pipeline\\Pipeline->Illuminate\\Pipeline\\{closure}(Object(Illuminate\\Http\\Request))
#39 F:\\onedrive\\web\\laravelProtection\\vendor\\laravel\\framework\\src\\Illuminate\\Foundation\\Http\\Middleware\\CheckForMaintenanceMode.php(46): Illuminate\\Routing\\Pipeline->Illuminate\\Routing\\{closure}(Object(Illuminate\\Http\\Request))
#40 F:\\onedrive\\web\\laravelProtection\\vendor\\laravel\\framework\\src\\Illuminate\\Pipeline\\Pipeline.php(149): Illuminate\\Foundation\\Http\\Middleware\\CheckForMaintenanceMode->handle(Object(Illuminate\\Http\\Request), Object(Closure))
#41 F:\\onedrive\\web\\laravelProtection\\vendor\\laravel\\framework\\src\\Illuminate\\Routing\\Pipeline.php(53): Illuminate\\Pipeline\\Pipeline->Illuminate\\Pipeline\\{closure}(Object(Illuminate\\Http\\Request))
#42 F:\\onedrive\\web\\laravelProtection\\vendor\\laravel\\framework\\src\\Illuminate\\Pipeline\\Pipeline.php(102): Illuminate\\Routing\\Pipeline->Illuminate\\Routing\\{closure}(Object(Illuminate\\Http\\Request))
#43 F:\\onedrive\\web\\laravelProtection\\vendor\\laravel\\framework\\src\\Illuminate\\Foundation\\Http\\Kernel.php(151): Illuminate\\Pipeline\\Pipeline->then(Object(Closure))
#44 F:\\onedrive\\web\\laravelProtection\\vendor\\laravel\\framework\\src\\Illuminate\\Foundation\\Http\\Kernel.php(116): Illuminate\\Foundation\\Http\\Kernel->sendRequestThroughRouter(Object(Illuminate\\Http\\Request))
#45 F:\\onedrive\\web\\laravelProtection\\public\\index.php(55): Illuminate\\Foundation\\Http\\Kernel->handle(Object(Illuminate\\Http\\Request))
#46 {main}
"} 
[2021-01-28 15:50:37] local.ERROR: Undefined variable: boxRegisterExist {"exception":"[object] (ErrorException(code: 0): Undefined variable: boxRegisterExist at F:\\onedrive\\web\\laravelProtection\\app\\Http\\Controllers\\Api\\PlaceController.php:119)
[stacktrace]
#0 F:\\onedrive\\web\\laravelProtection\\app\\Http\\Controllers\\Api\\PlaceController.php(119): Illuminate\\Foundation\\Bootstrap\\HandleExceptions->handleError(8, 'Undefined varia...', 'F:\\\\onedrive\\\\web...', 119, Array)
#1 [internal function]: App\\Http\\Controllers\\Api\\PlaceController->regbox(Object(Illuminate\\Http\\Request))
#2 F:\\onedrive\\web\\laravelProtection\\vendor\\laravel\\framework\\src\\Illuminate\\Routing\\Controller.php(54): call_user_func_array(Array, Array)
#3 F:\\onedrive\\web\\laravelProtection\\vendor\\laravel\\framework\\src\\Illuminate\\Routing\\ControllerDispatcher.php(45): Illuminate\\Routing\\Controller->callAction('regbox', Array)
#4 F:\\onedrive\\web\\laravelProtection\\vendor\\laravel\\framework\\src\\Illuminate\\Routing\\Route.php(212): Illuminate\\Routing\\ControllerDispatcher->dispatch(Object(Illuminate\\Routing\\Route), Object(App\\Http\\Controllers\\Api\\PlaceController), 'regbox')
#5 F:\\onedrive\\web\\laravelProtection\\vendor\\laravel\\framework\\src\\Illuminate\\Routing\\Route.php(169): Illuminate\\Routing\\Route->runController()
#6 F:\\onedrive\\web\\laravelProtection\\vendor\\laravel\\framework\\src\\Illuminate\\Routing\\Router.php(658): Illuminate\\Routing\\Route->run()
#7 F:\\onedrive\\web\\laravelProtection\\vendor\\laravel\\framework\\src\\Illuminate\\Routing\\Pipeline.php(30): Illuminate\\Routing\\Router->Illuminate\\Routing\\{closure}(Object(Illuminate\\Http\\Request))
#8 F:\\onedrive\\web\\laravelProtection\\vendor\\laravel\\framework\\src\\Illuminate\\Routing\\Middleware\\SubstituteBindings.php(41): Illuminate\\Routing\\Pipeline->Illuminate\\Routing\\{closure}(Object(Illuminate\\Http\\Request))
#9 F:\\onedrive\\web\\laravelProtection\\vendor\\laravel\\framework\\src\\Illuminate\\Pipeline\\Pipeline.php(149): Illuminate\\Routing\\Middleware\\SubstituteBindings->handle(Object(Illuminate\\Http\\Request), Object(Closure))
#10 F:\\onedrive\\web\\laravelProtection\\vendor\\laravel\\framework\\src\\Illuminate\\Routing\\Pipeline.php(53): Illuminate\\Pipeline\\Pipeline->Illuminate\\Pipeline\\{closure}(Object(Illuminate\\Http\\Request))
#11 F:\\onedrive\\web\\laravelProtection\\vendor\\laravel\\framework\\src\\Illuminate\\Routing\\Middleware\\ThrottleRequests.php(57): Illuminate\\Routing\\Pipeline->Illuminate\\Routing\\{closure}(Object(Illuminate\\Http\\Request))
#12 F:\\onedrive\\web\\laravelProtection\\vendor\\laravel\\framework\\src\\Illuminate\\Pipeline\\Pipeline.php(149): Illuminate\\Routing\\Middleware\\ThrottleRequests->handle(Object(Illuminate\\Http\\Request), Object(Closure), 10000, '1')
#13 F:\\onedrive\\web\\laravelProtection\\vendor\\laravel\\framework\\src\\Illuminate\\Routing\\Pipeline.php(53): Illuminate\\Pipeline\\Pipeline->Illuminate\\Pipeline\\{closure}(Object(Illuminate\\Http\\Request))
#14 F:\\onedrive\\web\\laravelProtection\\vendor\\laravel\\framework\\src\\Illuminate\\Pipeline\\Pipeline.php(102): Illuminate\\Routing\\Pipeline->Illuminate\\Routing\\{closure}(Object(Illuminate\\Http\\Request))
#15 F:\\onedrive\\web\\laravelProtection\\vendor\\laravel\\framework\\src\\Illuminate\\Routing\\Router.php(660): Illuminate\\Pipeline\\Pipeline->then(Object(Closure))
#16 F:\\onedrive\\web\\laravelProtection\\vendor\\laravel\\framework\\src\\Illuminate\\Routing\\Router.php(635): Illuminate\\Routing\\Router->runRouteWithinStack(Object(Illuminate\\Routing\\Route), Object(Illuminate\\Http\\Request))
#17 F:\\onedrive\\web\\laravelProtection\\vendor\\laravel\\framework\\src\\Illuminate\\Routing\\Router.php(601): Illuminate\\Routing\\Router->runRoute(Object(Illuminate\\Http\\Request), Object(Illuminate\\Routing\\Route))
#18 F:\\onedrive\\web\\laravelProtection\\vendor\\laravel\\framework\\src\\Illuminate\\Routing\\Router.php(590): Illuminate\\Routing\\Router->dispatchToRoute(Object(Illuminate\\Http\\Request))
#19 F:\\onedrive\\web\\laravelProtection\\vendor\\laravel\\framework\\src\\Illuminate\\Foundation\\Http\\Kernel.php(176): Illuminate\\Routing\\Router->dispatch(Object(Illuminate\\Http\\Request))
#20 F:\\onedrive\\web\\laravelProtection\\vendor\\laravel\\framework\\src\\Illuminate\\Routing\\Pipeline.php(30): Illuminate\\Foundation\\Http\\Kernel->Illuminate\\Foundation\\Http\\{closure}(Object(Illuminate\\Http\\Request))
#21 F:\\onedrive\\web\\laravelProtection\\vendor\\barryvdh\\laravel-debugbar\\src\\Middleware\\InjectDebugbar.php(65): Illuminate\\Routing\\Pipeline->Illuminate\\Routing\\{closure}(Object(Illuminate\\Http\\Request))
#22 F:\\onedrive\\web\\laravelProtection\\vendor\\laravel\\framework\\src\\Illuminate\\Pipeline\\Pipeline.php(149): Barryvdh\\Debugbar\\Middleware\\InjectDebugbar->handle(Object(Illuminate\\Http\\Request), Object(Closure))
#23 F:\\onedrive\\web\\laravelProtection\\vendor\\laravel\\framework\\src\\Illuminate\\Routing\\Pipeline.php(53): Illuminate\\Pipeline\\Pipeline->Illuminate\\Pipeline\\{closure}(Object(Illuminate\\Http\\Request))
#24 F:\\onedrive\\web\\laravelProtection\\app\\Http\\Middleware\\JsonResponse.php(23): Illuminate\\Routing\\Pipeline->Illuminate\\Routing\\{closure}(Object(Illuminate\\Http\\Request))
#25 F:\\onedrive\\web\\laravelProtection\\vendor\\laravel\\framework\\src\\Illuminate\\Pipeline\\Pipeline.php(149): App\\Http\\Middleware\\JsonResponse->handle(Object(Illuminate\\Http\\Request), Object(Closure))
#26 F:\\onedrive\\web\\laravelProtection\\vendor\\laravel\\framework\\src\\Illuminate\\Routing\\Pipeline.php(53): Illuminate\\Pipeline\\Pipeline->Illuminate\\Pipeline\\{closure}(Object(Illuminate\\Http\\Request))
#27 F:\\onedrive\\web\\laravelProtection\\vendor\\fideloper\\proxy\\src\\TrustProxies.php(56): Illuminate\\Routing\\Pipeline->Illuminate\\Routing\\{closure}(Object(Illuminate\\Http\\Request))
#28 F:\\onedrive\\web\\laravelProtection\\vendor\\laravel\\framework\\src\\Illuminate\\Pipeline\\Pipeline.php(149): Fideloper\\Proxy\\TrustProxies->handle(Object(Illuminate\\Http\\Request), Object(Closure))
#29 F:\\onedrive\\web\\laravelProtection\\vendor\\laravel\\framework\\src\\Illuminate\\Routing\\Pipeline.php(53): Illuminate\\Pipeline\\Pipeline->Illuminate\\Pipeline\\{closure}(Object(Illuminate\\Http\\Request))
#30 F:\\onedrive\\web\\laravelProtection\\vendor\\laravel\\framework\\src\\Illuminate\\Foundation\\Http\\Middleware\\TransformsRequest.php(30): Illuminate\\Routing\\Pipeline->Illuminate\\Routing\\{closure}(Object(Illuminate\\Http\\Request))
#31 F:\\onedrive\\web\\laravelProtection\\vendor\\laravel\\framework\\src\\Illuminate\\Pipeline\\Pipeline.php(149): Illuminate\\Foundation\\Http\\Middleware\\TransformsRequest->handle(Object(Illuminate\\Http\\Request), Object(Closure))
#32 F:\\onedrive\\web\\laravelProtection\\vendor\\laravel\\framework\\src\\Illuminate\\Routing\\Pipeline.php(53): Illuminate\\Pipeline\\Pipeline->Illuminate\\Pipeline\\{closure}(Object(Illuminate\\Http\\Request))
#33 F:\\onedrive\\web\\laravelProtection\\vendor\\laravel\\framework\\src\\Illuminate\\Foundation\\Http\\Middleware\\TransformsRequest.php(30): Illuminate\\Routing\\Pipeline->Illuminate\\Routing\\{closure}(Object(Illuminate\\Http\\Request))
#34 F:\\onedrive\\web\\laravelProtection\\vendor\\laravel\\framework\\src\\Illuminate\\Pipeline\\Pipeline.php(149): Illuminate\\Foundation\\Http\\Middleware\\TransformsRequest->handle(Object(Illuminate\\Http\\Request), Object(Closure))
#35 F:\\onedrive\\web\\laravelProtection\\vendor\\laravel\\framework\\src\\Illuminate\\Routing\\Pipeline.php(53): Illuminate\\Pipeline\\Pipeline->Illuminate\\Pipeline\\{closure}(Object(Illuminate\\Http\\Request))
#36 F:\\onedrive\\web\\laravelProtection\\vendor\\laravel\\framework\\src\\Illuminate\\Foundation\\Http\\Middleware\\ValidatePostSize.php(27): Illuminate\\Routing\\Pipeline->Illuminate\\Routing\\{closure}(Object(Illuminate\\Http\\Request))
#37 F:\\onedrive\\web\\laravelProtection\\vendor\\laravel\\framework\\src\\Illuminate\\Pipeline\\Pipeline.php(149): Illuminate\\Foundation\\Http\\Middleware\\ValidatePostSize->handle(Object(Illuminate\\Http\\Request), Object(Closure))
#38 F:\\onedrive\\web\\laravelProtection\\vendor\\laravel\\framework\\src\\Illuminate\\Routing\\Pipeline.php(53): Illuminate\\Pipeline\\Pipeline->Illuminate\\Pipeline\\{closure}(Object(Illuminate\\Http\\Request))
#39 F:\\onedrive\\web\\laravelProtection\\vendor\\laravel\\framework\\src\\Illuminate\\Foundation\\Http\\Middleware\\CheckForMaintenanceMode.php(46): Illuminate\\Routing\\Pipeline->Illuminate\\Routing\\{closure}(Object(Illuminate\\Http\\Request))
#40 F:\\onedrive\\web\\laravelProtection\\vendor\\laravel\\framework\\src\\Illuminate\\Pipeline\\Pipeline.php(149): Illuminate\\Foundation\\Http\\Middleware\\CheckForMaintenanceMode->handle(Object(Illuminate\\Http\\Request), Object(Closure))
#41 F:\\onedrive\\web\\laravelProtection\\vendor\\laravel\\framework\\src\\Illuminate\\Routing\\Pipeline.php(53): Illuminate\\Pipeline\\Pipeline->Illuminate\\Pipeline\\{closure}(Object(Illuminate\\Http\\Request))
#42 F:\\onedrive\\web\\laravelProtection\\vendor\\laravel\\framework\\src\\Illuminate\\Pipeline\\Pipeline.php(102): Illuminate\\Routing\\Pipeline->Illuminate\\Routing\\{closure}(Object(Illuminate\\Http\\Request))
#43 F:\\onedrive\\web\\laravelProtection\\vendor\\laravel\\framework\\src\\Illuminate\\Foundation\\Http\\Kernel.php(151): Illuminate\\Pipeline\\Pipeline->then(Object(Closure))
#44 F:\\onedrive\\web\\laravelProtection\\vendor\\laravel\\framework\\src\\Illuminate\\Foundation\\Http\\Kernel.php(116): Illuminate\\Foundation\\Http\\Kernel->sendRequestThroughRouter(Object(Illuminate\\Http\\Request))
#45 F:\\onedrive\\web\\laravelProtection\\public\\index.php(55): Illuminate\\Foundation\\Http\\Kernel->handle(Object(Illuminate\\Http\\Request))
#46 {main}
"} 
