[2021-04-23 14:43:36] local.ERROR: Server error: `POST http://agent.test/api/agent/online/login` resulted in a `500 Internal Server Error` response:
<!DOCTYPE html><!--


Illuminate\Database\QueryException: SQLSTATE[HY000] [1045] Access denied for user &#039;productage (truncated...)
 {"exception":"[object] (GuzzleHttp\\Exception\\ServerException(code: 500): Server error: `POST http://agent.test/api/agent/online/login` resulted in a `500 Internal Server Error` response:
<!DOCTYPE html><!--


Illuminate\\Database\\QueryException: SQLSTATE[HY000] [1045] Access denied for user &#039;productage (truncated...)
 at F:\\onedrive\\web\\laravelProtection\\vendor\\guzzlehttp\\guzzle\\src\\Exception\\RequestException.php:113)
[stacktrace]
#0 F:\\onedrive\\web\\laravelProtection\\vendor\\guzzlehttp\\guzzle\\src\\Middleware.php(66): GuzzleHttp\\Exception\\RequestException::create(Object(GuzzleHttp\\Psr7\\Request), Object(GuzzleHttp\\Psr7\\Response))
#1 F:\\onedrive\\web\\laravelProtection\\vendor\\guzzlehttp\\promises\\src\\Promise.php(203): GuzzleHttp\\Middleware::GuzzleHttp\\{closure}(Object(GuzzleHttp\\Psr7\\Response))
#2 F:\\onedrive\\web\\laravelProtection\\vendor\\guzzlehttp\\promises\\src\\Promise.php(156): GuzzleHttp\\Promise\\Promise::callHandler(1, Object(GuzzleHttp\\Psr7\\Response), Array)
#3 F:\\onedrive\\web\\laravelProtection\\vendor\\guzzlehttp\\promises\\src\\TaskQueue.php(47): GuzzleHttp\\Promise\\Promise::GuzzleHttp\\Promise\\{closure}()
#4 F:\\onedrive\\web\\laravelProtection\\vendor\\guzzlehttp\\promises\\src\\Promise.php(246): GuzzleHttp\\Promise\\TaskQueue->run(true)
#5 F:\\onedrive\\web\\laravelProtection\\vendor\\guzzlehttp\\promises\\src\\Promise.php(223): GuzzleHttp\\Promise\\Promise->invokeWaitFn()
#6 F:\\onedrive\\web\\laravelProtection\\vendor\\guzzlehttp\\promises\\src\\Promise.php(267): GuzzleHttp\\Promise\\Promise->waitIfPending()
#7 F:\\onedrive\\web\\laravelProtection\\vendor\\guzzlehttp\\promises\\src\\Promise.php(225): GuzzleHttp\\Promise\\Promise->invokeWaitList()
#8 F:\\onedrive\\web\\laravelProtection\\vendor\\guzzlehttp\\promises\\src\\Promise.php(62): GuzzleHttp\\Promise\\Promise->waitIfPending()
#9 F:\\onedrive\\web\\laravelProtection\\vendor\\guzzlehttp\\guzzle\\src\\Client.php(131): GuzzleHttp\\Promise\\Promise->wait()
#10 F:\\onedrive\\web\\laravelProtection\\vendor\\guzzlehttp\\guzzle\\src\\Client.php(89): GuzzleHttp\\Client->request('post', 'http://agent.te...', Array)
#11 F:\\onedrive\\web\\laravelProtection\\app\\Admin\\Guzzle\\Guzzle.php(38): GuzzleHttp\\Client->__call('post', Array)
#12 F:\\onedrive\\web\\laravelProtection\\app\\Admin\\Guzzle\\Guzzle.php(94): App\\Admin\\Guzzle\\Guzzle->login()
#13 F:\\onedrive\\web\\laravelProtection\\app\\Admin\\Controllers\\PlaceController.php(538): App\\Admin\\Guzzle\\Guzzle->placestate(Array)
#14 [internal function]: App\\Admin\\Controllers\\PlaceController->App\\Admin\\Controllers\\{closure}(Object(Encore\\Admin\\Form), Array)
#15 F:\\onedrive\\web\\laravelProtection\\vendor\\encore\\laravel-admin\\src\\Form\\HasHooks.php(50): call_user_func(Object(Closure), Object(Encore\\Admin\\Form), Array)
#16 F:\\onedrive\\web\\laravelProtection\\vendor\\encore\\laravel-admin\\src\\Form\\HasHooks.php(163): Encore\\Admin\\Form->callHooks('saved')
#17 F:\\onedrive\\web\\laravelProtection\\vendor\\encore\\laravel-admin\\src\\Form.php(630): Encore\\Admin\\Form->callSaved()
#18 F:\\onedrive\\web\\laravelProtection\\vendor\\encore\\laravel-admin\\src\\Controllers\\HasResourceActions.php(16): Encore\\Admin\\Form->update('54')
#19 [internal function]: App\\Admin\\Controllers\\PlaceController->update('54')
#20 F:\\onedrive\\web\\laravelProtection\\vendor\\laravel\\framework\\src\\Illuminate\\Routing\\Controller.php(54): call_user_func_array(Array, Array)
#21 F:\\onedrive\\web\\laravelProtection\\vendor\\laravel\\framework\\src\\Illuminate\\Routing\\ControllerDispatcher.php(45): Illuminate\\Routing\\Controller->callAction('update', Array)
#22 F:\\onedrive\\web\\laravelProtection\\vendor\\laravel\\framework\\src\\Illuminate\\Routing\\Route.php(212): Illuminate\\Routing\\ControllerDispatcher->dispatch(Object(Illuminate\\Routing\\Route), Object(App\\Admin\\Controllers\\PlaceController), 'update')
#23 F:\\onedrive\\web\\laravelProtection\\vendor\\laravel\\framework\\src\\Illuminate\\Routing\\Route.php(169): Illuminate\\Routing\\Route->runController()
#24 F:\\onedrive\\web\\laravelProtection\\vendor\\laravel\\framework\\src\\Illuminate\\Routing\\Router.php(658): Illuminate\\Routing\\Route->run()
#25 F:\\onedrive\\web\\laravelProtection\\vendor\\laravel\\framework\\src\\Illuminate\\Routing\\Pipeline.php(30): Illuminate\\Routing\\Router->Illuminate\\Routing\\{closure}(Object(Illuminate\\Http\\Request))
#26 F:\\onedrive\\web\\laravelProtection\\vendor\\encore\\laravel-admin\\src\\Middleware\\Permission.php(52): Illuminate\\Routing\\Pipeline->Illuminate\\Routing\\{closure}(Object(Illuminate\\Http\\Request))
#27 F:\\onedrive\\web\\laravelProtection\\vendor\\laravel\\framework\\src\\Illuminate\\Pipeline\\Pipeline.php(149): Encore\\Admin\\Middleware\\Permission->handle(Object(Illuminate\\Http\\Request), Object(Closure))
#28 F:\\onedrive\\web\\laravelProtection\\vendor\\laravel\\framework\\src\\Illuminate\\Routing\\Pipeline.php(53): Illuminate\\Pipeline\\Pipeline->Illuminate\\Pipeline\\{closure}(Object(Illuminate\\Http\\Request))
#29 F:\\onedrive\\web\\laravelProtection\\vendor\\encore\\laravel-admin\\src\\Middleware\\Bootstrap.php(15): Illuminate\\Routing\\Pipeline->Illuminate\\Routing\\{closure}(Object(Illuminate\\Http\\Request))
#30 F:\\onedrive\\web\\laravelProtection\\vendor\\laravel\\framework\\src\\Illuminate\\Pipeline\\Pipeline.php(149): Encore\\Admin\\Middleware\\Bootstrap->handle(Object(Illuminate\\Http\\Request), Object(Closure))
#31 F:\\onedrive\\web\\laravelProtection\\vendor\\laravel\\framework\\src\\Illuminate\\Routing\\Pipeline.php(53): Illuminate\\Pipeline\\Pipeline->Illuminate\\Pipeline\\{closure}(Object(Illuminate\\Http\\Request))
#32 F:\\onedrive\\web\\laravelProtection\\vendor\\encore\\laravel-admin\\src\\Middleware\\LogOperation.php(38): Illuminate\\Routing\\Pipeline->Illuminate\\Routing\\{closure}(Object(Illuminate\\Http\\Request))
#33 F:\\onedrive\\web\\laravelProtection\\vendor\\laravel\\framework\\src\\Illuminate\\Pipeline\\Pipeline.php(149): Encore\\Admin\\Middleware\\LogOperation->handle(Object(Illuminate\\Http\\Request), Object(Closure))
#34 F:\\onedrive\\web\\laravelProtection\\vendor\\laravel\\framework\\src\\Illuminate\\Routing\\Pipeline.php(53): Illuminate\\Pipeline\\Pipeline->Illuminate\\Pipeline\\{closure}(Object(Illuminate\\Http\\Request))
#35 F:\\onedrive\\web\\laravelProtection\\vendor\\encore\\laravel-admin\\src\\Middleware\\Pjax.php(24): Illuminate\\Routing\\Pipeline->Illuminate\\Routing\\{closure}(Object(Illuminate\\Http\\Request))
#36 F:\\onedrive\\web\\laravelProtection\\vendor\\laravel\\framework\\src\\Illuminate\\Pipeline\\Pipeline.php(149): Encore\\Admin\\Middleware\\Pjax->handle(Object(Illuminate\\Http\\Request), Object(Closure))
#37 F:\\onedrive\\web\\laravelProtection\\vendor\\laravel\\framework\\src\\Illuminate\\Routing\\Pipeline.php(53): Illuminate\\Pipeline\\Pipeline->Illuminate\\Pipeline\\{closure}(Object(Illuminate\\Http\\Request))
#38 F:\\onedrive\\web\\laravelProtection\\vendor\\encore\\laravel-admin\\src\\Middleware\\Authenticate.php(26): Illuminate\\Routing\\Pipeline->Illuminate\\Routing\\{closure}(Object(Illuminate\\Http\\Request))
#39 F:\\onedrive\\web\\laravelProtection\\vendor\\laravel\\framework\\src\\Illuminate\\Pipeline\\Pipeline.php(149): Encore\\Admin\\Middleware\\Authenticate->handle(Object(Illuminate\\Http\\Request), Object(Closure))
#40 F:\\onedrive\\web\\laravelProtection\\vendor\\laravel\\framework\\src\\Illuminate\\Routing\\Pipeline.php(53): Illuminate\\Pipeline\\Pipeline->Illuminate\\Pipeline\\{closure}(Object(Illuminate\\Http\\Request))
#41 F:\\onedrive\\web\\laravelProtection\\vendor\\laravel\\framework\\src\\Illuminate\\Routing\\Middleware\\SubstituteBindings.php(41): Illuminate\\Routing\\Pipeline->Illuminate\\Routing\\{closure}(Object(Illuminate\\Http\\Request))
#42 F:\\onedrive\\web\\laravelProtection\\vendor\\laravel\\framework\\src\\Illuminate\\Pipeline\\Pipeline.php(149): Illuminate\\Routing\\Middleware\\SubstituteBindings->handle(Object(Illuminate\\Http\\Request), Object(Closure))
#43 F:\\onedrive\\web\\laravelProtection\\vendor\\laravel\\framework\\src\\Illuminate\\Routing\\Pipeline.php(53): Illuminate\\Pipeline\\Pipeline->Illuminate\\Pipeline\\{closure}(Object(Illuminate\\Http\\Request))
#44 F:\\onedrive\\web\\laravelProtection\\vendor\\laravel\\framework\\src\\Illuminate\\View\\Middleware\\ShareErrorsFromSession.php(49): Illuminate\\Routing\\Pipeline->Illuminate\\Routing\\{closure}(Object(Illuminate\\Http\\Request))
#45 F:\\onedrive\\web\\laravelProtection\\vendor\\laravel\\framework\\src\\Illuminate\\Pipeline\\Pipeline.php(149): Illuminate\\View\\Middleware\\ShareErrorsFromSession->handle(Object(Illuminate\\Http\\Request), Object(Closure))
#46 F:\\onedrive\\web\\laravelProtection\\vendor\\laravel\\framework\\src\\Illuminate\\Routing\\Pipeline.php(53): Illuminate\\Pipeline\\Pipeline->Illuminate\\Pipeline\\{closure}(Object(Illuminate\\Http\\Request))
#47 F:\\onedrive\\web\\laravelProtection\\vendor\\laravel\\framework\\src\\Illuminate\\Session\\Middleware\\StartSession.php(63): Illuminate\\Routing\\Pipeline->Illuminate\\Routing\\{closure}(Object(Illuminate\\Http\\Request))
#48 F:\\onedrive\\web\\laravelProtection\\vendor\\laravel\\framework\\src\\Illuminate\\Pipeline\\Pipeline.php(149): Illuminate\\Session\\Middleware\\StartSession->handle(Object(Illuminate\\Http\\Request), Object(Closure))
#49 F:\\onedrive\\web\\laravelProtection\\vendor\\laravel\\framework\\src\\Illuminate\\Routing\\Pipeline.php(53): Illuminate\\Pipeline\\Pipeline->Illuminate\\Pipeline\\{closure}(Object(Illuminate\\Http\\Request))
#50 F:\\onedrive\\web\\laravelProtection\\vendor\\laravel\\framework\\src\\Illuminate\\Cookie\\Middleware\\AddQueuedCookiesToResponse.php(37): Illuminate\\Routing\\Pipeline->Illuminate\\Routing\\{closure}(Object(Illuminate\\Http\\Request))
#51 F:\\onedrive\\web\\laravelProtection\\vendor\\laravel\\framework\\src\\Illuminate\\Pipeline\\Pipeline.php(149): Illuminate\\Cookie\\Middleware\\AddQueuedCookiesToResponse->handle(Object(Illuminate\\Http\\Request), Object(Closure))
#52 F:\\onedrive\\web\\laravelProtection\\vendor\\laravel\\framework\\src\\Illuminate\\Routing\\Pipeline.php(53): Illuminate\\Pipeline\\Pipeline->Illuminate\\Pipeline\\{closure}(Object(Illuminate\\Http\\Request))
#53 F:\\onedrive\\web\\laravelProtection\\vendor\\laravel\\framework\\src\\Illuminate\\Cookie\\Middleware\\EncryptCookies.php(66): Illuminate\\Routing\\Pipeline->Illuminate\\Routing\\{closure}(Object(Illuminate\\Http\\Request))
#54 F:\\onedrive\\web\\laravelProtection\\vendor\\laravel\\framework\\src\\Illuminate\\Pipeline\\Pipeline.php(149): Illuminate\\Cookie\\Middleware\\EncryptCookies->handle(Object(Illuminate\\Http\\Request), Object(Closure))
#55 F:\\onedrive\\web\\laravelProtection\\vendor\\laravel\\framework\\src\\Illuminate\\Routing\\Pipeline.php(53): Illuminate\\Pipeline\\Pipeline->Illuminate\\Pipeline\\{closure}(Object(Illuminate\\Http\\Request))
#56 F:\\onedrive\\web\\laravelProtection\\vendor\\laravel\\framework\\src\\Illuminate\\Pipeline\\Pipeline.php(102): Illuminate\\Routing\\Pipeline->Illuminate\\Routing\\{closure}(Object(Illuminate\\Http\\Request))
#57 F:\\onedrive\\web\\laravelProtection\\vendor\\laravel\\framework\\src\\Illuminate\\Routing\\Router.php(660): Illuminate\\Pipeline\\Pipeline->then(Object(Closure))
#58 F:\\onedrive\\web\\laravelProtection\\vendor\\laravel\\framework\\src\\Illuminate\\Routing\\Router.php(635): Illuminate\\Routing\\Router->runRouteWithinStack(Object(Illuminate\\Routing\\Route), Object(Illuminate\\Http\\Request))
#59 F:\\onedrive\\web\\laravelProtection\\vendor\\laravel\\framework\\src\\Illuminate\\Routing\\Router.php(601): Illuminate\\Routing\\Router->runRoute(Object(Illuminate\\Http\\Request), Object(Illuminate\\Routing\\Route))
#60 F:\\onedrive\\web\\laravelProtection\\vendor\\laravel\\framework\\src\\Illuminate\\Routing\\Router.php(590): Illuminate\\Routing\\Router->dispatchToRoute(Object(Illuminate\\Http\\Request))
#61 F:\\onedrive\\web\\laravelProtection\\vendor\\laravel\\framework\\src\\Illuminate\\Foundation\\Http\\Kernel.php(176): Illuminate\\Routing\\Router->dispatch(Object(Illuminate\\Http\\Request))
#62 F:\\onedrive\\web\\laravelProtection\\vendor\\laravel\\framework\\src\\Illuminate\\Routing\\Pipeline.php(30): Illuminate\\Foundation\\Http\\Kernel->Illuminate\\Foundation\\Http\\{closure}(Object(Illuminate\\Http\\Request))
#63 F:\\onedrive\\web\\laravelProtection\\vendor\\barryvdh\\laravel-debugbar\\src\\Middleware\\InjectDebugbar.php(65): Illuminate\\Routing\\Pipeline->Illuminate\\Routing\\{closure}(Object(Illuminate\\Http\\Request))
#64 F:\\onedrive\\web\\laravelProtection\\vendor\\laravel\\framework\\src\\Illuminate\\Pipeline\\Pipeline.php(149): Barryvdh\\Debugbar\\Middleware\\InjectDebugbar->handle(Object(Illuminate\\Http\\Request), Object(Closure))
#65 F:\\onedrive\\web\\laravelProtection\\vendor\\laravel\\framework\\src\\Illuminate\\Routing\\Pipeline.php(53): Illuminate\\Pipeline\\Pipeline->Illuminate\\Pipeline\\{closure}(Object(Illuminate\\Http\\Request))
#66 F:\\onedrive\\web\\laravelProtection\\app\\Http\\Middleware\\JsonResponse.php(23): Illuminate\\Routing\\Pipeline->Illuminate\\Routing\\{closure}(Object(Illuminate\\Http\\Request))
#67 F:\\onedrive\\web\\laravelProtection\\vendor\\laravel\\framework\\src\\Illuminate\\Pipeline\\Pipeline.php(149): App\\Http\\Middleware\\JsonResponse->handle(Object(Illuminate\\Http\\Request), Object(Closure))
#68 F:\\onedrive\\web\\laravelProtection\\vendor\\laravel\\framework\\src\\Illuminate\\Routing\\Pipeline.php(53): Illuminate\\Pipeline\\Pipeline->Illuminate\\Pipeline\\{closure}(Object(Illuminate\\Http\\Request))
#69 F:\\onedrive\\web\\laravelProtection\\vendor\\fideloper\\proxy\\src\\TrustProxies.php(56): Illuminate\\Routing\\Pipeline->Illuminate\\Routing\\{closure}(Object(Illuminate\\Http\\Request))
#70 F:\\onedrive\\web\\laravelProtection\\vendor\\laravel\\framework\\src\\Illuminate\\Pipeline\\Pipeline.php(149): Fideloper\\Proxy\\TrustProxies->handle(Object(Illuminate\\Http\\Request), Object(Closure))
#71 F:\\onedrive\\web\\laravelProtection\\vendor\\laravel\\framework\\src\\Illuminate\\Routing\\Pipeline.php(53): Illuminate\\Pipeline\\Pipeline->Illuminate\\Pipeline\\{closure}(Object(Illuminate\\Http\\Request))
#72 F:\\onedrive\\web\\laravelProtection\\vendor\\laravel\\framework\\src\\Illuminate\\Foundation\\Http\\Middleware\\TransformsRequest.php(30): Illuminate\\Routing\\Pipeline->Illuminate\\Routing\\{closure}(Object(Illuminate\\Http\\Request))
#73 F:\\onedrive\\web\\laravelProtection\\vendor\\laravel\\framework\\src\\Illuminate\\Pipeline\\Pipeline.php(149): Illuminate\\Foundation\\Http\\Middleware\\TransformsRequest->handle(Object(Illuminate\\Http\\Request), Object(Closure))
#74 F:\\onedrive\\web\\laravelProtection\\vendor\\laravel\\framework\\src\\Illuminate\\Routing\\Pipeline.php(53): Illuminate\\Pipeline\\Pipeline->Illuminate\\Pipeline\\{closure}(Object(Illuminate\\Http\\Request))
#75 F:\\onedrive\\web\\laravelProtection\\vendor\\laravel\\framework\\src\\Illuminate\\Foundation\\Http\\Middleware\\TransformsRequest.php(30): Illuminate\\Routing\\Pipeline->Illuminate\\Routing\\{closure}(Object(Illuminate\\Http\\Request))
#76 F:\\onedrive\\web\\laravelProtection\\vendor\\laravel\\framework\\src\\Illuminate\\Pipeline\\Pipeline.php(149): Illuminate\\Foundation\\Http\\Middleware\\TransformsRequest->handle(Object(Illuminate\\Http\\Request), Object(Closure))
#77 F:\\onedrive\\web\\laravelProtection\\vendor\\laravel\\framework\\src\\Illuminate\\Routing\\Pipeline.php(53): Illuminate\\Pipeline\\Pipeline->Illuminate\\Pipeline\\{closure}(Object(Illuminate\\Http\\Request))
#78 F:\\onedrive\\web\\laravelProtection\\vendor\\laravel\\framework\\src\\Illuminate\\Foundation\\Http\\Middleware\\ValidatePostSize.php(27): Illuminate\\Routing\\Pipeline->Illuminate\\Routing\\{closure}(Object(Illuminate\\Http\\Request))
#79 F:\\onedrive\\web\\laravelProtection\\vendor\\laravel\\framework\\src\\Illuminate\\Pipeline\\Pipeline.php(149): Illuminate\\Foundation\\Http\\Middleware\\ValidatePostSize->handle(Object(Illuminate\\Http\\Request), Object(Closure))
#80 F:\\onedrive\\web\\laravelProtection\\vendor\\laravel\\framework\\src\\Illuminate\\Routing\\Pipeline.php(53): Illuminate\\Pipeline\\Pipeline->Illuminate\\Pipeline\\{closure}(Object(Illuminate\\Http\\Request))
#81 F:\\onedrive\\web\\laravelProtection\\vendor\\laravel\\framework\\src\\Illuminate\\Foundation\\Http\\Middleware\\CheckForMaintenanceMode.php(46): Illuminate\\Routing\\Pipeline->Illuminate\\Routing\\{closure}(Object(Illuminate\\Http\\Request))
#82 F:\\onedrive\\web\\laravelProtection\\vendor\\laravel\\framework\\src\\Illuminate\\Pipeline\\Pipeline.php(149): Illuminate\\Foundation\\Http\\Middleware\\CheckForMaintenanceMode->handle(Object(Illuminate\\Http\\Request), Object(Closure))
#83 F:\\onedrive\\web\\laravelProtection\\vendor\\laravel\\framework\\src\\Illuminate\\Routing\\Pipeline.php(53): Illuminate\\Pipeline\\Pipeline->Illuminate\\Pipeline\\{closure}(Object(Illuminate\\Http\\Request))
#84 F:\\onedrive\\web\\laravelProtection\\vendor\\laravel\\framework\\src\\Illuminate\\Pipeline\\Pipeline.php(102): Illuminate\\Routing\\Pipeline->Illuminate\\Routing\\{closure}(Object(Illuminate\\Http\\Request))
#85 F:\\onedrive\\web\\laravelProtection\\vendor\\laravel\\framework\\src\\Illuminate\\Foundation\\Http\\Kernel.php(151): Illuminate\\Pipeline\\Pipeline->then(Object(Closure))
#86 F:\\onedrive\\web\\laravelProtection\\vendor\\laravel\\framework\\src\\Illuminate\\Foundation\\Http\\Kernel.php(116): Illuminate\\Foundation\\Http\\Kernel->sendRequestThroughRouter(Object(Illuminate\\Http\\Request))
#87 F:\\onedrive\\web\\laravelProtection\\public\\index.php(55): Illuminate\\Foundation\\Http\\Kernel->handle(Object(Illuminate\\Http\\Request))
#88 {main}
"} 
[2021-04-23 14:46:50] local.ERROR: cURL error 60: SSL certificate problem: unable to get local issuer certificate (see http://curl.haxx.se/libcurl/c/libcurl-errors.html) {"exception":"[object] (GuzzleHttp\\Exception\\RequestException(code: 0): cURL error 60: SSL certificate problem: unable to get local issuer certificate (see http://curl.haxx.se/libcurl/c/libcurl-errors.html) at F:\\onedrive\\web\\laravelProtection\\vendor\\guzzlehttp\\guzzle\\src\\Handler\\CurlFactory.php:186)
[stacktrace]
#0 F:\\onedrive\\web\\laravelProtection\\vendor\\guzzlehttp\\guzzle\\src\\Handler\\CurlFactory.php(149): GuzzleHttp\\Handler\\CurlFactory::createRejection(Object(GuzzleHttp\\Handler\\EasyHandle), Array)
#1 F:\\onedrive\\web\\laravelProtection\\vendor\\guzzlehttp\\guzzle\\src\\Handler\\CurlFactory.php(102): GuzzleHttp\\Handler\\CurlFactory::finishError(Object(GuzzleHttp\\Handler\\CurlHandler), Object(GuzzleHttp\\Handler\\EasyHandle), Object(GuzzleHttp\\Handler\\CurlFactory))
#2 F:\\onedrive\\web\\laravelProtection\\vendor\\guzzlehttp\\guzzle\\src\\Handler\\CurlHandler.php(43): GuzzleHttp\\Handler\\CurlFactory::finish(Object(GuzzleHttp\\Handler\\CurlHandler), Object(GuzzleHttp\\Handler\\EasyHandle), Object(GuzzleHttp\\Handler\\CurlFactory))
#3 F:\\onedrive\\web\\laravelProtection\\vendor\\guzzlehttp\\guzzle\\src\\Handler\\Proxy.php(28): GuzzleHttp\\Handler\\CurlHandler->__invoke(Object(GuzzleHttp\\Psr7\\Request), Array)
#4 F:\\onedrive\\web\\laravelProtection\\vendor\\guzzlehttp\\guzzle\\src\\Handler\\Proxy.php(51): GuzzleHttp\\Handler\\Proxy::GuzzleHttp\\Handler\\{closure}(Object(GuzzleHttp\\Psr7\\Request), Array)
#5 F:\\onedrive\\web\\laravelProtection\\vendor\\guzzlehttp\\guzzle\\src\\PrepareBodyMiddleware.php(66): GuzzleHttp\\Handler\\Proxy::GuzzleHttp\\Handler\\{closure}(Object(GuzzleHttp\\Psr7\\Request), Array)
#6 F:\\onedrive\\web\\laravelProtection\\vendor\\guzzlehttp\\guzzle\\src\\Middleware.php(30): GuzzleHttp\\PrepareBodyMiddleware->__invoke(Object(GuzzleHttp\\Psr7\\Request), Array)
#7 F:\\onedrive\\web\\laravelProtection\\vendor\\guzzlehttp\\guzzle\\src\\RedirectMiddleware.php(70): GuzzleHttp\\Middleware::GuzzleHttp\\{closure}(Object(GuzzleHttp\\Psr7\\Request), Array)
#8 F:\\onedrive\\web\\laravelProtection\\vendor\\guzzlehttp\\guzzle\\src\\Middleware.php(60): GuzzleHttp\\RedirectMiddleware->__invoke(Object(GuzzleHttp\\Psr7\\Request), Array)
#9 F:\\onedrive\\web\\laravelProtection\\vendor\\guzzlehttp\\guzzle\\src\\HandlerStack.php(67): GuzzleHttp\\Middleware::GuzzleHttp\\{closure}(Object(GuzzleHttp\\Psr7\\Request), Array)
#10 F:\\onedrive\\web\\laravelProtection\\vendor\\guzzlehttp\\guzzle\\src\\Client.php(277): GuzzleHttp\\HandlerStack->__invoke(Object(GuzzleHttp\\Psr7\\Request), Array)
#11 F:\\onedrive\\web\\laravelProtection\\vendor\\guzzlehttp\\guzzle\\src\\Client.php(125): GuzzleHttp\\Client->transfer(Object(GuzzleHttp\\Psr7\\Request), Array)
#12 F:\\onedrive\\web\\laravelProtection\\vendor\\guzzlehttp\\guzzle\\src\\Client.php(131): GuzzleHttp\\Client->requestAsync('post', Object(GuzzleHttp\\Psr7\\Uri), Array)
#13 F:\\onedrive\\web\\laravelProtection\\vendor\\guzzlehttp\\guzzle\\src\\Client.php(89): GuzzleHttp\\Client->request('post', 'https://csserve...', Array)
#14 F:\\onedrive\\web\\laravelProtection\\app\\Admin\\Guzzle\\Guzzle.php(38): GuzzleHttp\\Client->__call('post', Array)
#15 F:\\onedrive\\web\\laravelProtection\\app\\Admin\\Guzzle\\Guzzle.php(94): App\\Admin\\Guzzle\\Guzzle->login()
#16 F:\\onedrive\\web\\laravelProtection\\app\\Admin\\Controllers\\PlaceController.php(538): App\\Admin\\Guzzle\\Guzzle->placestate(Array)
#17 [internal function]: App\\Admin\\Controllers\\PlaceController->App\\Admin\\Controllers\\{closure}(Object(Encore\\Admin\\Form), Array)
#18 F:\\onedrive\\web\\laravelProtection\\vendor\\encore\\laravel-admin\\src\\Form\\HasHooks.php(50): call_user_func(Object(Closure), Object(Encore\\Admin\\Form), Array)
#19 F:\\onedrive\\web\\laravelProtection\\vendor\\encore\\laravel-admin\\src\\Form\\HasHooks.php(163): Encore\\Admin\\Form->callHooks('saved')
#20 F:\\onedrive\\web\\laravelProtection\\vendor\\encore\\laravel-admin\\src\\Form.php(630): Encore\\Admin\\Form->callSaved()
#21 F:\\onedrive\\web\\laravelProtection\\vendor\\encore\\laravel-admin\\src\\Controllers\\HasResourceActions.php(16): Encore\\Admin\\Form->update('54')
#22 [internal function]: App\\Admin\\Controllers\\PlaceController->update('54')
#23 F:\\onedrive\\web\\laravelProtection\\vendor\\laravel\\framework\\src\\Illuminate\\Routing\\Controller.php(54): call_user_func_array(Array, Array)
#24 F:\\onedrive\\web\\laravelProtection\\vendor\\laravel\\framework\\src\\Illuminate\\Routing\\ControllerDispatcher.php(45): Illuminate\\Routing\\Controller->callAction('update', Array)
#25 F:\\onedrive\\web\\laravelProtection\\vendor\\laravel\\framework\\src\\Illuminate\\Routing\\Route.php(212): Illuminate\\Routing\\ControllerDispatcher->dispatch(Object(Illuminate\\Routing\\Route), Object(App\\Admin\\Controllers\\PlaceController), 'update')
#26 F:\\onedrive\\web\\laravelProtection\\vendor\\laravel\\framework\\src\\Illuminate\\Routing\\Route.php(169): Illuminate\\Routing\\Route->runController()
#27 F:\\onedrive\\web\\laravelProtection\\vendor\\laravel\\framework\\src\\Illuminate\\Routing\\Router.php(658): Illuminate\\Routing\\Route->run()
#28 F:\\onedrive\\web\\laravelProtection\\vendor\\laravel\\framework\\src\\Illuminate\\Routing\\Pipeline.php(30): Illuminate\\Routing\\Router->Illuminate\\Routing\\{closure}(Object(Illuminate\\Http\\Request))
#29 F:\\onedrive\\web\\laravelProtection\\vendor\\encore\\laravel-admin\\src\\Middleware\\Permission.php(52): Illuminate\\Routing\\Pipeline->Illuminate\\Routing\\{closure}(Object(Illuminate\\Http\\Request))
#30 F:\\onedrive\\web\\laravelProtection\\vendor\\laravel\\framework\\src\\Illuminate\\Pipeline\\Pipeline.php(149): Encore\\Admin\\Middleware\\Permission->handle(Object(Illuminate\\Http\\Request), Object(Closure))
#31 F:\\onedrive\\web\\laravelProtection\\vendor\\laravel\\framework\\src\\Illuminate\\Routing\\Pipeline.php(53): Illuminate\\Pipeline\\Pipeline->Illuminate\\Pipeline\\{closure}(Object(Illuminate\\Http\\Request))
#32 F:\\onedrive\\web\\laravelProtection\\vendor\\encore\\laravel-admin\\src\\Middleware\\Bootstrap.php(15): Illuminate\\Routing\\Pipeline->Illuminate\\Routing\\{closure}(Object(Illuminate\\Http\\Request))
#33 F:\\onedrive\\web\\laravelProtection\\vendor\\laravel\\framework\\src\\Illuminate\\Pipeline\\Pipeline.php(149): Encore\\Admin\\Middleware\\Bootstrap->handle(Object(Illuminate\\Http\\Request), Object(Closure))
#34 F:\\onedrive\\web\\laravelProtection\\vendor\\laravel\\framework\\src\\Illuminate\\Routing\\Pipeline.php(53): Illuminate\\Pipeline\\Pipeline->Illuminate\\Pipeline\\{closure}(Object(Illuminate\\Http\\Request))
#35 F:\\onedrive\\web\\laravelProtection\\vendor\\encore\\laravel-admin\\src\\Middleware\\LogOperation.php(38): Illuminate\\Routing\\Pipeline->Illuminate\\Routing\\{closure}(Object(Illuminate\\Http\\Request))
#36 F:\\onedrive\\web\\laravelProtection\\vendor\\laravel\\framework\\src\\Illuminate\\Pipeline\\Pipeline.php(149): Encore\\Admin\\Middleware\\LogOperation->handle(Object(Illuminate\\Http\\Request), Object(Closure))
#37 F:\\onedrive\\web\\laravelProtection\\vendor\\laravel\\framework\\src\\Illuminate\\Routing\\Pipeline.php(53): Illuminate\\Pipeline\\Pipeline->Illuminate\\Pipeline\\{closure}(Object(Illuminate\\Http\\Request))
#38 F:\\onedrive\\web\\laravelProtection\\vendor\\encore\\laravel-admin\\src\\Middleware\\Pjax.php(24): Illuminate\\Routing\\Pipeline->Illuminate\\Routing\\{closure}(Object(Illuminate\\Http\\Request))
#39 F:\\onedrive\\web\\laravelProtection\\vendor\\laravel\\framework\\src\\Illuminate\\Pipeline\\Pipeline.php(149): Encore\\Admin\\Middleware\\Pjax->handle(Object(Illuminate\\Http\\Request), Object(Closure))
#40 F:\\onedrive\\web\\laravelProtection\\vendor\\laravel\\framework\\src\\Illuminate\\Routing\\Pipeline.php(53): Illuminate\\Pipeline\\Pipeline->Illuminate\\Pipeline\\{closure}(Object(Illuminate\\Http\\Request))
#41 F:\\onedrive\\web\\laravelProtection\\vendor\\encore\\laravel-admin\\src\\Middleware\\Authenticate.php(26): Illuminate\\Routing\\Pipeline->Illuminate\\Routing\\{closure}(Object(Illuminate\\Http\\Request))
#42 F:\\onedrive\\web\\laravelProtection\\vendor\\laravel\\framework\\src\\Illuminate\\Pipeline\\Pipeline.php(149): Encore\\Admin\\Middleware\\Authenticate->handle(Object(Illuminate\\Http\\Request), Object(Closure))
#43 F:\\onedrive\\web\\laravelProtection\\vendor\\laravel\\framework\\src\\Illuminate\\Routing\\Pipeline.php(53): Illuminate\\Pipeline\\Pipeline->Illuminate\\Pipeline\\{closure}(Object(Illuminate\\Http\\Request))
#44 F:\\onedrive\\web\\laravelProtection\\vendor\\laravel\\framework\\src\\Illuminate\\Routing\\Middleware\\SubstituteBindings.php(41): Illuminate\\Routing\\Pipeline->Illuminate\\Routing\\{closure}(Object(Illuminate\\Http\\Request))
#45 F:\\onedrive\\web\\laravelProtection\\vendor\\laravel\\framework\\src\\Illuminate\\Pipeline\\Pipeline.php(149): Illuminate\\Routing\\Middleware\\SubstituteBindings->handle(Object(Illuminate\\Http\\Request), Object(Closure))
#46 F:\\onedrive\\web\\laravelProtection\\vendor\\laravel\\framework\\src\\Illuminate\\Routing\\Pipeline.php(53): Illuminate\\Pipeline\\Pipeline->Illuminate\\Pipeline\\{closure}(Object(Illuminate\\Http\\Request))
#47 F:\\onedrive\\web\\laravelProtection\\vendor\\laravel\\framework\\src\\Illuminate\\View\\Middleware\\ShareErrorsFromSession.php(49): Illuminate\\Routing\\Pipeline->Illuminate\\Routing\\{closure}(Object(Illuminate\\Http\\Request))
#48 F:\\onedrive\\web\\laravelProtection\\vendor\\laravel\\framework\\src\\Illuminate\\Pipeline\\Pipeline.php(149): Illuminate\\View\\Middleware\\ShareErrorsFromSession->handle(Object(Illuminate\\Http\\Request), Object(Closure))
#49 F:\\onedrive\\web\\laravelProtection\\vendor\\laravel\\framework\\src\\Illuminate\\Routing\\Pipeline.php(53): Illuminate\\Pipeline\\Pipeline->Illuminate\\Pipeline\\{closure}(Object(Illuminate\\Http\\Request))
#50 F:\\onedrive\\web\\laravelProtection\\vendor\\laravel\\framework\\src\\Illuminate\\Session\\Middleware\\StartSession.php(63): Illuminate\\Routing\\Pipeline->Illuminate\\Routing\\{closure}(Object(Illuminate\\Http\\Request))
#51 F:\\onedrive\\web\\laravelProtection\\vendor\\laravel\\framework\\src\\Illuminate\\Pipeline\\Pipeline.php(149): Illuminate\\Session\\Middleware\\StartSession->handle(Object(Illuminate\\Http\\Request), Object(Closure))
#52 F:\\onedrive\\web\\laravelProtection\\vendor\\laravel\\framework\\src\\Illuminate\\Routing\\Pipeline.php(53): Illuminate\\Pipeline\\Pipeline->Illuminate\\Pipeline\\{closure}(Object(Illuminate\\Http\\Request))
#53 F:\\onedrive\\web\\laravelProtection\\vendor\\laravel\\framework\\src\\Illuminate\\Cookie\\Middleware\\AddQueuedCookiesToResponse.php(37): Illuminate\\Routing\\Pipeline->Illuminate\\Routing\\{closure}(Object(Illuminate\\Http\\Request))
#54 F:\\onedrive\\web\\laravelProtection\\vendor\\laravel\\framework\\src\\Illuminate\\Pipeline\\Pipeline.php(149): Illuminate\\Cookie\\Middleware\\AddQueuedCookiesToResponse->handle(Object(Illuminate\\Http\\Request), Object(Closure))
#55 F:\\onedrive\\web\\laravelProtection\\vendor\\laravel\\framework\\src\\Illuminate\\Routing\\Pipeline.php(53): Illuminate\\Pipeline\\Pipeline->Illuminate\\Pipeline\\{closure}(Object(Illuminate\\Http\\Request))
#56 F:\\onedrive\\web\\laravelProtection\\vendor\\laravel\\framework\\src\\Illuminate\\Cookie\\Middleware\\EncryptCookies.php(66): Illuminate\\Routing\\Pipeline->Illuminate\\Routing\\{closure}(Object(Illuminate\\Http\\Request))
#57 F:\\onedrive\\web\\laravelProtection\\vendor\\laravel\\framework\\src\\Illuminate\\Pipeline\\Pipeline.php(149): Illuminate\\Cookie\\Middleware\\EncryptCookies->handle(Object(Illuminate\\Http\\Request), Object(Closure))
#58 F:\\onedrive\\web\\laravelProtection\\vendor\\laravel\\framework\\src\\Illuminate\\Routing\\Pipeline.php(53): Illuminate\\Pipeline\\Pipeline->Illuminate\\Pipeline\\{closure}(Object(Illuminate\\Http\\Request))
#59 F:\\onedrive\\web\\laravelProtection\\vendor\\laravel\\framework\\src\\Illuminate\\Pipeline\\Pipeline.php(102): Illuminate\\Routing\\Pipeline->Illuminate\\Routing\\{closure}(Object(Illuminate\\Http\\Request))
#60 F:\\onedrive\\web\\laravelProtection\\vendor\\laravel\\framework\\src\\Illuminate\\Routing\\Router.php(660): Illuminate\\Pipeline\\Pipeline->then(Object(Closure))
#61 F:\\onedrive\\web\\laravelProtection\\vendor\\laravel\\framework\\src\\Illuminate\\Routing\\Router.php(635): Illuminate\\Routing\\Router->runRouteWithinStack(Object(Illuminate\\Routing\\Route), Object(Illuminate\\Http\\Request))
#62 F:\\onedrive\\web\\laravelProtection\\vendor\\laravel\\framework\\src\\Illuminate\\Routing\\Router.php(601): Illuminate\\Routing\\Router->runRoute(Object(Illuminate\\Http\\Request), Object(Illuminate\\Routing\\Route))
#63 F:\\onedrive\\web\\laravelProtection\\vendor\\laravel\\framework\\src\\Illuminate\\Routing\\Router.php(590): Illuminate\\Routing\\Router->dispatchToRoute(Object(Illuminate\\Http\\Request))
#64 F:\\onedrive\\web\\laravelProtection\\vendor\\laravel\\framework\\src\\Illuminate\\Foundation\\Http\\Kernel.php(176): Illuminate\\Routing\\Router->dispatch(Object(Illuminate\\Http\\Request))
#65 F:\\onedrive\\web\\laravelProtection\\vendor\\laravel\\framework\\src\\Illuminate\\Routing\\Pipeline.php(30): Illuminate\\Foundation\\Http\\Kernel->Illuminate\\Foundation\\Http\\{closure}(Object(Illuminate\\Http\\Request))
#66 F:\\onedrive\\web\\laravelProtection\\vendor\\barryvdh\\laravel-debugbar\\src\\Middleware\\InjectDebugbar.php(65): Illuminate\\Routing\\Pipeline->Illuminate\\Routing\\{closure}(Object(Illuminate\\Http\\Request))
#67 F:\\onedrive\\web\\laravelProtection\\vendor\\laravel\\framework\\src\\Illuminate\\Pipeline\\Pipeline.php(149): Barryvdh\\Debugbar\\Middleware\\InjectDebugbar->handle(Object(Illuminate\\Http\\Request), Object(Closure))
#68 F:\\onedrive\\web\\laravelProtection\\vendor\\laravel\\framework\\src\\Illuminate\\Routing\\Pipeline.php(53): Illuminate\\Pipeline\\Pipeline->Illuminate\\Pipeline\\{closure}(Object(Illuminate\\Http\\Request))
#69 F:\\onedrive\\web\\laravelProtection\\app\\Http\\Middleware\\JsonResponse.php(23): Illuminate\\Routing\\Pipeline->Illuminate\\Routing\\{closure}(Object(Illuminate\\Http\\Request))
#70 F:\\onedrive\\web\\laravelProtection\\vendor\\laravel\\framework\\src\\Illuminate\\Pipeline\\Pipeline.php(149): App\\Http\\Middleware\\JsonResponse->handle(Object(Illuminate\\Http\\Request), Object(Closure))
#71 F:\\onedrive\\web\\laravelProtection\\vendor\\laravel\\framework\\src\\Illuminate\\Routing\\Pipeline.php(53): Illuminate\\Pipeline\\Pipeline->Illuminate\\Pipeline\\{closure}(Object(Illuminate\\Http\\Request))
#72 F:\\onedrive\\web\\laravelProtection\\vendor\\fideloper\\proxy\\src\\TrustProxies.php(56): Illuminate\\Routing\\Pipeline->Illuminate\\Routing\\{closure}(Object(Illuminate\\Http\\Request))
#73 F:\\onedrive\\web\\laravelProtection\\vendor\\laravel\\framework\\src\\Illuminate\\Pipeline\\Pipeline.php(149): Fideloper\\Proxy\\TrustProxies->handle(Object(Illuminate\\Http\\Request), Object(Closure))
#74 F:\\onedrive\\web\\laravelProtection\\vendor\\laravel\\framework\\src\\Illuminate\\Routing\\Pipeline.php(53): Illuminate\\Pipeline\\Pipeline->Illuminate\\Pipeline\\{closure}(Object(Illuminate\\Http\\Request))
#75 F:\\onedrive\\web\\laravelProtection\\vendor\\laravel\\framework\\src\\Illuminate\\Foundation\\Http\\Middleware\\TransformsRequest.php(30): Illuminate\\Routing\\Pipeline->Illuminate\\Routing\\{closure}(Object(Illuminate\\Http\\Request))
#76 F:\\onedrive\\web\\laravelProtection\\vendor\\laravel\\framework\\src\\Illuminate\\Pipeline\\Pipeline.php(149): Illuminate\\Foundation\\Http\\Middleware\\TransformsRequest->handle(Object(Illuminate\\Http\\Request), Object(Closure))
#77 F:\\onedrive\\web\\laravelProtection\\vendor\\laravel\\framework\\src\\Illuminate\\Routing\\Pipeline.php(53): Illuminate\\Pipeline\\Pipeline->Illuminate\\Pipeline\\{closure}(Object(Illuminate\\Http\\Request))
#78 F:\\onedrive\\web\\laravelProtection\\vendor\\laravel\\framework\\src\\Illuminate\\Foundation\\Http\\Middleware\\TransformsRequest.php(30): Illuminate\\Routing\\Pipeline->Illuminate\\Routing\\{closure}(Object(Illuminate\\Http\\Request))
#79 F:\\onedrive\\web\\laravelProtection\\vendor\\laravel\\framework\\src\\Illuminate\\Pipeline\\Pipeline.php(149): Illuminate\\Foundation\\Http\\Middleware\\TransformsRequest->handle(Object(Illuminate\\Http\\Request), Object(Closure))
#80 F:\\onedrive\\web\\laravelProtection\\vendor\\laravel\\framework\\src\\Illuminate\\Routing\\Pipeline.php(53): Illuminate\\Pipeline\\Pipeline->Illuminate\\Pipeline\\{closure}(Object(Illuminate\\Http\\Request))
#81 F:\\onedrive\\web\\laravelProtection\\vendor\\laravel\\framework\\src\\Illuminate\\Foundation\\Http\\Middleware\\ValidatePostSize.php(27): Illuminate\\Routing\\Pipeline->Illuminate\\Routing\\{closure}(Object(Illuminate\\Http\\Request))
#82 F:\\onedrive\\web\\laravelProtection\\vendor\\laravel\\framework\\src\\Illuminate\\Pipeline\\Pipeline.php(149): Illuminate\\Foundation\\Http\\Middleware\\ValidatePostSize->handle(Object(Illuminate\\Http\\Request), Object(Closure))
#83 F:\\onedrive\\web\\laravelProtection\\vendor\\laravel\\framework\\src\\Illuminate\\Routing\\Pipeline.php(53): Illuminate\\Pipeline\\Pipeline->Illuminate\\Pipeline\\{closure}(Object(Illuminate\\Http\\Request))
#84 F:\\onedrive\\web\\laravelProtection\\vendor\\laravel\\framework\\src\\Illuminate\\Foundation\\Http\\Middleware\\CheckForMaintenanceMode.php(46): Illuminate\\Routing\\Pipeline->Illuminate\\Routing\\{closure}(Object(Illuminate\\Http\\Request))
#85 F:\\onedrive\\web\\laravelProtection\\vendor\\laravel\\framework\\src\\Illuminate\\Pipeline\\Pipeline.php(149): Illuminate\\Foundation\\Http\\Middleware\\CheckForMaintenanceMode->handle(Object(Illuminate\\Http\\Request), Object(Closure))
#86 F:\\onedrive\\web\\laravelProtection\\vendor\\laravel\\framework\\src\\Illuminate\\Routing\\Pipeline.php(53): Illuminate\\Pipeline\\Pipeline->Illuminate\\Pipeline\\{closure}(Object(Illuminate\\Http\\Request))
#87 F:\\onedrive\\web\\laravelProtection\\vendor\\laravel\\framework\\src\\Illuminate\\Pipeline\\Pipeline.php(102): Illuminate\\Routing\\Pipeline->Illuminate\\Routing\\{closure}(Object(Illuminate\\Http\\Request))
#88 F:\\onedrive\\web\\laravelProtection\\vendor\\laravel\\framework\\src\\Illuminate\\Foundation\\Http\\Kernel.php(151): Illuminate\\Pipeline\\Pipeline->then(Object(Closure))
#89 F:\\onedrive\\web\\laravelProtection\\vendor\\laravel\\framework\\src\\Illuminate\\Foundation\\Http\\Kernel.php(116): Illuminate\\Foundation\\Http\\Kernel->sendRequestThroughRouter(Object(Illuminate\\Http\\Request))
#90 F:\\onedrive\\web\\laravelProtection\\public\\index.php(55): Illuminate\\Foundation\\Http\\Kernel->handle(Object(Illuminate\\Http\\Request))
#91 {main}
"} 
